{
  "RSpec": {
    "coverage": {
      "/Users/charlesgalbraith/coding/projects/daily_diary/spec/setup_test_database.rb": {
        "lines": [
          1,
          null,
          1,
          null,
          5,
          5,
          5,
          null,
          null
        ]
      },
      "/Users/charlesgalbraith/coding/projects/daily_diary/lib/app.rb": {
        "lines": [
          1,
          1,
          null,
          1,
          null,
          1,
          5,
          5,
          null,
          null,
          1,
          2,
          2,
          null,
          null,
          1,
          1,
          null,
          null,
          null
        ]
      },
      "/Users/charlesgalbraith/coding/projects/daily_diary/lib/model/entry.rb": {
        "lines": [
          1,
          null,
          1,
          null,
          1,
          6,
          6,
          11,
          null,
          null,
          1,
          6,
          6,
          null,
          null,
          1,
          null,
          1,
          12,
          12,
          null,
          0,
          null,
          null,
          null,
          null
        ]
      },
      "/Users/charlesgalbraith/coding/projects/daily_diary/spec/Features/add_entry_spec.rb": {
        "lines": [
          1,
          1,
          1,
          1,
          1,
          1,
          1,
          null,
          null
        ]
      },
      "/Users/charlesgalbraith/coding/projects/daily_diary/spec/Features/click_title_to_read_content_spec.rb": {
        "lines": [
          1,
          1,
          1,
          1,
          1,
          1,
          1,
          1,
          null,
          null
        ]
      },
      "/Users/charlesgalbraith/coding/projects/daily_diary/spec/Features/view_entry_spec.rb": {
        "lines": [
          1,
          1,
          1,
          1,
          1,
          1,
          null,
          null
        ]
      },
      "/Users/charlesgalbraith/coding/projects/daily_diary/spec/Unit_tests/entry_spec.rb": {
        "lines": [
          1,
          1,
          null,
          1,
          1,
          1,
          1,
          null,
          null,
          null,
          1,
          1,
          1,
          1,
          1,
          null,
          null,
          null,
          null
        ]
      }
    },
    "timestamp": 1603370764
  }
}
